<?xml version="1.0" encoding="UTF-8"?>
<!-- Generated by org.testng.reporters.JUnitXMLReporter -->
<testsuite hostname="MBA020423.local" ignored="0" name="Chrome Test" tests="1" failures="1" timestamp="2022-08-12T17:12:40 ICT" time="7.852" errors="0">
  <testcase name="runScenario" time="6.239" classname="io.cucumber.testng.AbstractTestNGCucumberTests">
    <failure type="java.lang.AssertionError" message="Demo Page is not displayed expected [true] but found [false]">
      <![CDATA[java.lang.AssertionError: Demo Page is not displayed expected [true] but found [false]
at stepdefs.DemoDefinitions._init_$lambda-1(DemoDefinitions.kt:18)
at âœ½.Move to Demo page screen successfully(file:///Users/hung.nguyen3/AutoAppium/IdeaProjects/KentAutoPR/KT/src/test/resources/features/DemoTest.feature:6)
... Removed 3 stack frames]]>
    </failure>
  </testcase> <!-- runScenario -->
</testsuite> <!-- Chrome Test -->
